<?xml version="1.0" encoding="UTF-8"?>
<testng-results skipped="0" failed="1" ignored="0" total="3" passed="2">
  <reporter-output>
  </reporter-output>
  <suite name="Suite" duration-ms="25308" started-at="2020-07-24T22:11:13Z" finished-at="2020-07-24T22:11:39Z">
    <groups>
    </groups>
    <test name="Test" duration-ms="25308" started-at="2020-07-24T22:11:13Z" finished-at="2020-07-24T22:11:39Z">
      <class name="org.web.automation.testcases.TC_001_Testcase1">
        <test-method status="PASS" signature="StartBrowser()[pri:0, instance:org.web.automation.testcases.TC_001_Testcase1@32709393]" name="StartBrowser" is-config="true" duration-ms="5992" started-at="2020-07-24T22:11:13Z" finished-at="2020-07-24T22:11:19Z">
          <reporter-output>
          </reporter-output>
        </test-method> <!-- StartBrowser -->
        <test-method status="PASS" signature="startBrowser()[pri:0, instance:org.web.automation.testcases.TC_001_Testcase1@32709393]" name="startBrowser" duration-ms="3279" started-at="2020-07-24T22:11:19Z" finished-at="2020-07-24T22:11:23Z">
          <reporter-output>
          </reporter-output>
        </test-method> <!-- startBrowser -->
        <test-method status="PASS" signature="CloseBrowser()[pri:0, instance:org.web.automation.testcases.TC_001_Testcase1@32709393]" name="CloseBrowser" is-config="true" duration-ms="176" started-at="2020-07-24T22:11:23Z" finished-at="2020-07-24T22:11:23Z">
          <reporter-output>
          </reporter-output>
        </test-method> <!-- CloseBrowser -->
      </class> <!-- org.web.automation.testcases.TC_001_Testcase1 -->
      <class name="org.web.automation.testcases.TC_001_Testcase3">
        <test-method status="PASS" signature="StartBrowser()[pri:0, instance:org.web.automation.testcases.TC_001_Testcase3@49fc609f]" name="StartBrowser" is-config="true" duration-ms="5048" started-at="2020-07-24T22:11:31Z" finished-at="2020-07-24T22:11:36Z">
          <reporter-output>
          </reporter-output>
        </test-method> <!-- StartBrowser -->
        <test-method status="FAIL" signature="startBrowser()[pri:0, instance:org.web.automation.testcases.TC_001_Testcase3@49fc609f]" name="startBrowser" duration-ms="2181" started-at="2020-07-24T22:11:36Z" finished-at="2020-07-24T22:11:38Z">
          <exception class="java.lang.AssertionError">
            <message>
              <![CDATA[expected [true] but found [false]]]>
            </message>
            <full-stacktrace>
              <![CDATA[java.lang.AssertionError: expected [true] but found [false]
at org.testng.Assert.fail(Assert.java:96)
at org.testng.Assert.failNotEquals(Assert.java:776)
at org.testng.Assert.assertTrue(Assert.java:44)
at org.testng.Assert.assertTrue(Assert.java:54)
at org.web.automation.testcases.TC_001_Testcase3.startBrowser(TC_001_Testcase3.java:31)
at sun.reflect.NativeMethodAccessorImpl.invoke0(Native Method)
at sun.reflect.NativeMethodAccessorImpl.invoke(Unknown Source)
at sun.reflect.DelegatingMethodAccessorImpl.invoke(Unknown Source)
at java.lang.reflect.Method.invoke(Unknown Source)
at org.testng.internal.MethodInvocationHelper.invokeMethod(MethodInvocationHelper.java:124)
at org.testng.internal.Invoker.invokeMethod(Invoker.java:583)
at org.testng.internal.Invoker.invokeTestMethod(Invoker.java:719)
at org.testng.internal.Invoker.invokeTestMethods(Invoker.java:989)
at org.testng.internal.TestMethodWorker.invokeTestMethods(TestMethodWorker.java:125)
at org.testng.internal.TestMethodWorker.run(TestMethodWorker.java:109)
at org.testng.TestRunner.privateRun(TestRunner.java:648)
at org.testng.TestRunner.run(TestRunner.java:505)
at org.testng.SuiteRunner.runTest(SuiteRunner.java:455)
at org.testng.SuiteRunner.runSequentially(SuiteRunner.java:450)
at org.testng.SuiteRunner.privateRun(SuiteRunner.java:415)
at org.testng.SuiteRunner.run(SuiteRunner.java:364)
at org.testng.SuiteRunnerWorker.runSuite(SuiteRunnerWorker.java:52)
at org.testng.SuiteRunnerWorker.run(SuiteRunnerWorker.java:84)
at org.testng.TestNG.runSuitesSequentially(TestNG.java:1208)
at org.testng.TestNG.runSuitesLocally(TestNG.java:1137)
at org.testng.TestNG.runSuites(TestNG.java:1049)
at org.testng.TestNG.run(TestNG.java:1017)
at org.testng.remote.AbstractRemoteTestNG.run(AbstractRemoteTestNG.java:132)
at org.testng.remote.RemoteTestNG.initAndRun(RemoteTestNG.java:230)
at org.testng.remote.RemoteTestNG.main(RemoteTestNG.java:76)
]]>
            </full-stacktrace>
          </exception> <!-- java.lang.AssertionError -->
          <reporter-output>
          </reporter-output>
        </test-method> <!-- startBrowser -->
        <test-method status="PASS" signature="CloseBrowser()[pri:0, instance:org.web.automation.testcases.TC_001_Testcase3@49fc609f]" name="CloseBrowser" is-config="true" duration-ms="164" started-at="2020-07-24T22:11:38Z" finished-at="2020-07-24T22:11:39Z">
          <reporter-output>
          </reporter-output>
        </test-method> <!-- CloseBrowser -->
      </class> <!-- org.web.automation.testcases.TC_001_Testcase3 -->
      <class name="org.web.automation.testcases.TC_001_Testcase2">
        <test-method status="PASS" signature="StartBrowser()[pri:0, instance:org.web.automation.testcases.TC_001_Testcase2@3d99d22e]" name="StartBrowser" is-config="true" duration-ms="5669" started-at="2020-07-24T22:11:23Z" finished-at="2020-07-24T22:11:28Z">
          <reporter-output>
          </reporter-output>
        </test-method> <!-- StartBrowser -->
        <test-method status="PASS" signature="startBrowser()[pri:0, instance:org.web.automation.testcases.TC_001_Testcase2@3d99d22e]" name="startBrowser" duration-ms="2604" started-at="2020-07-24T22:11:28Z" finished-at="2020-07-24T22:11:31Z">
          <reporter-output>
          </reporter-output>
        </test-method> <!-- startBrowser -->
        <test-method status="PASS" signature="CloseBrowser()[pri:0, instance:org.web.automation.testcases.TC_001_Testcase2@3d99d22e]" name="CloseBrowser" is-config="true" duration-ms="163" started-at="2020-07-24T22:11:31Z" finished-at="2020-07-24T22:11:31Z">
          <reporter-output>
          </reporter-output>
        </test-method> <!-- CloseBrowser -->
      </class> <!-- org.web.automation.testcases.TC_001_Testcase2 -->
    </test> <!-- Test -->
  </suite> <!-- Suite -->
</testng-results>
